2019-03-30 15:00:13.145  INFO 27713 --- [main] trationDelegate$BeanPostProcessorChecker : Bean 'org.springframework.cloud.autoconfigure.ConfigurationPropertiesRebinderAutoConfiguration' of type [org.springframework.cloud.autoconfigure.ConfigurationPropertiesRebinderAutoConfiguration$$EnhancerBySpringCGLIB$$c40d7a1b] is not eligible for getting processed by all BeanPostProcessors (for example: not eligible for auto-proxying)
2019-03-30 15:00:13.494  INFO 27713 --- [main] c.g.a.ServicesAuthJwtApplicationTests    : The following profiles are active: test
2019-03-30 15:00:15.168  INFO 27713 --- [main] .s.d.r.c.RepositoryConfigurationDelegate : Bootstrapping Spring Data repositories in DEFAULT mode.
2019-03-30 15:00:15.382  INFO 27713 --- [main] .s.d.r.c.RepositoryConfigurationDelegate : Finished Spring Data repository scanning in 202ms. Found 1 repository interfaces.
2019-03-30 15:00:16.121  INFO 27713 --- [main] o.s.cloud.context.scope.GenericScope     : BeanFactory id=69eeeb60-2082-3904-8ef1-d9ddd0940ca6
2019-03-30 15:00:16.218  INFO 27713 --- [main] faultConfiguringBeanFactoryPostProcessor : No bean named 'errorChannel' has been explicitly defined. Therefore, a default PublishSubscribeChannel will be created.
2019-03-30 15:00:16.224  INFO 27713 --- [main] faultConfiguringBeanFactoryPostProcessor : No bean named 'taskScheduler' has been explicitly defined. Therefore, a default ThreadPoolTaskScheduler will be created.
2019-03-30 15:00:16.230  INFO 27713 --- [main] faultConfiguringBeanFactoryPostProcessor : No bean named 'integrationHeaderChannelRegistry' has been explicitly defined. Therefore, a default DefaultHeaderChannelRegistry will be created.
2019-03-30 15:00:16.425  INFO 27713 --- [main] trationDelegate$BeanPostProcessorChecker : Bean 'org.springframework.transaction.annotation.ProxyTransactionManagementConfiguration' of type [org.springframework.transaction.annotation.ProxyTransactionManagementConfiguration$$EnhancerBySpringCGLIB$$a7f3771e] is not eligible for getting processed by all BeanPostProcessors (for example: not eligible for auto-proxying)
2019-03-30 15:00:16.479  INFO 27713 --- [main] trationDelegate$BeanPostProcessorChecker : Bean 'org.springframework.security.config.annotation.configuration.ObjectPostProcessorConfiguration' of type [org.springframework.security.config.annotation.configuration.ObjectPostProcessorConfiguration$$EnhancerBySpringCGLIB$$40a13f58] is not eligible for getting processed by all BeanPostProcessors (for example: not eligible for auto-proxying)
2019-03-30 15:00:16.489  INFO 27713 --- [main] trationDelegate$BeanPostProcessorChecker : Bean 'objectPostProcessor' of type [org.springframework.security.config.annotation.configuration.AutowireBeanFactoryObjectPostProcessor] is not eligible for getting processed by all BeanPostProcessors (for example: not eligible for auto-proxying)
2019-03-30 15:00:16.491  INFO 27713 --- [main] trationDelegate$BeanPostProcessorChecker : Bean 'org.springframework.security.access.expression.method.DefaultMethodSecurityExpressionHandler@5daad59a' of type [org.springframework.security.access.expression.method.DefaultMethodSecurityExpressionHandler] is not eligible for getting processed by all BeanPostProcessors (for example: not eligible for auto-proxying)
2019-03-30 15:00:16.505  INFO 27713 --- [main] trationDelegate$BeanPostProcessorChecker : Bean 'org.springframework.security.config.annotation.method.configuration.GlobalMethodSecurityConfiguration' of type [org.springframework.security.config.annotation.method.configuration.GlobalMethodSecurityConfiguration$$EnhancerBySpringCGLIB$$6575e20a] is not eligible for getting processed by all BeanPostProcessors (for example: not eligible for auto-proxying)
2019-03-30 15:00:16.522  INFO 27713 --- [main] trationDelegate$BeanPostProcessorChecker : Bean 'org.springframework.security.config.annotation.method.configuration.Jsr250MetadataSourceConfiguration' of type [org.springframework.security.config.annotation.method.configuration.Jsr250MetadataSourceConfiguration$$EnhancerBySpringCGLIB$$8acafa20] is not eligible for getting processed by all BeanPostProcessors (for example: not eligible for auto-proxying)
2019-03-30 15:00:16.530  INFO 27713 --- [main] trationDelegate$BeanPostProcessorChecker : Bean 'jsr250MethodSecurityMetadataSource' of type [org.springframework.security.access.annotation.Jsr250MethodSecurityMetadataSource] is not eligible for getting processed by all BeanPostProcessors (for example: not eligible for auto-proxying)
2019-03-30 15:00:16.536  INFO 27713 --- [main] trationDelegate$BeanPostProcessorChecker : Bean 'methodSecurityMetadataSource' of type [org.springframework.security.access.method.DelegatingMethodSecurityMetadataSource] is not eligible for getting processed by all BeanPostProcessors (for example: not eligible for auto-proxying)
2019-03-30 15:00:16.556  INFO 27713 --- [main] trationDelegate$BeanPostProcessorChecker : Bean 'org.springframework.integration.config.IntegrationManagementConfiguration' of type [org.springframework.integration.config.IntegrationManagementConfiguration$$EnhancerBySpringCGLIB$$12e5324d] is not eligible for getting processed by all BeanPostProcessors (for example: not eligible for auto-proxying)
2019-03-30 15:00:16.591  INFO 27713 --- [main] trationDelegate$BeanPostProcessorChecker : Bean 'integrationDisposableAutoCreatedBeans' of type [org.springframework.integration.config.annotation.Disposables] is not eligible for getting processed by all BeanPostProcessors (for example: not eligible for auto-proxying)
2019-03-30 15:00:16.637  INFO 27713 --- [main] trationDelegate$BeanPostProcessorChecker : Bean 'org.springframework.hateoas.config.HateoasConfiguration' of type [org.springframework.hateoas.config.HateoasConfiguration$$EnhancerBySpringCGLIB$$2773c450] is not eligible for getting processed by all BeanPostProcessors (for example: not eligible for auto-proxying)
2019-03-30 15:00:16.667  INFO 27713 --- [main] trationDelegate$BeanPostProcessorChecker : Bean 'org.springframework.cloud.autoconfigure.ConfigurationPropertiesRebinderAutoConfiguration' of type [org.springframework.cloud.autoconfigure.ConfigurationPropertiesRebinderAutoConfiguration$$EnhancerBySpringCGLIB$$c40d7a1b] is not eligible for getting processed by all BeanPostProcessors (for example: not eligible for auto-proxying)
2019-03-30 15:00:17.313  INFO 27713 --- [main] o.s.b.w.embedded.tomcat.TomcatWebServer  : Tomcat initialized with port(s): 0 (http)
2019-03-30 15:00:17.355  INFO 27713 --- [main] o.apache.catalina.core.StandardService   : Starting service [Tomcat]
2019-03-30 15:00:17.355  INFO 27713 --- [main] org.apache.catalina.core.StandardEngine  : Starting Servlet engine: [Apache Tomcat/9.0.16]
2019-03-30 15:00:17.369  INFO 27713 --- [main] o.a.catalina.core.AprLifecycleListener   : The APR based Apache Tomcat Native library which allows optimal performance in production environments was not found on the java.library.path: [/usr/java/packages/lib:/usr/lib/x86_64-linux-gnu/jni:/lib/x86_64-linux-gnu:/usr/lib/x86_64-linux-gnu:/usr/lib/jni:/lib:/usr/lib]
2019-03-30 15:00:17.645  INFO 27713 --- [main] o.a.c.c.C.[Tomcat].[localhost].[/]       : Initializing Spring embedded WebApplicationContext
2019-03-30 15:00:17.645  INFO 27713 --- [main] o.s.web.context.ContextLoader            : Root WebApplicationContext: initialization completed in 4135 ms
2019-03-30 15:00:17.976  WARN 27713 --- [main] c.n.c.sources.URLConfigurationSource     : No URLs will be polled as dynamic configuration sources.
2019-03-30 15:00:17.976  INFO 27713 --- [main] c.n.c.sources.URLConfigurationSource     : To enable URLs as dynamic configuration sources, define System property archaius.configurationSource.additionalUrls or make config.properties available on classpath.
2019-03-30 15:00:17.999  INFO 27713 --- [main] c.netflix.config.DynamicPropertyFactory  : DynamicPropertyFactory is initialized with configuration sources: com.netflix.config.ConcurrentCompositeConfiguration@125124ea
2019-03-30 15:00:20.101  INFO 27713 --- [main] com.zaxxer.hikari.HikariDataSource       : testDatasource - Starting...
2019-03-30 15:00:20.337  INFO 27713 --- [main] com.zaxxer.hikari.HikariDataSource       : testDatasource - Start completed.
2019-03-30 15:00:20.597  INFO 27713 --- [main] o.hibernate.jpa.internal.util.LogHelper  : HHH000204: Processing PersistenceUnitInfo [
	name: default
	...]
2019-03-30 15:00:20.744  INFO 27713 --- [main] org.hibernate.Version                    : HHH000412: Hibernate Core {5.3.7.Final}
2019-03-30 15:00:20.748  INFO 27713 --- [main] org.hibernate.cfg.Environment            : HHH000206: hibernate.properties not found
2019-03-30 15:00:21.040  INFO 27713 --- [main] o.hibernate.annotations.common.Version   : HCANN000001: Hibernate Commons Annotations {5.0.4.Final}
2019-03-30 15:00:21.317  INFO 27713 --- [main] org.hibernate.dialect.Dialect            : HHH000400: Using dialect: org.hibernate.dialect.PostgreSQLDialect
2019-03-30 15:00:21.434  INFO 27713 --- [main] o.h.e.j.e.i.LobCreatorBuilderImpl        : HHH000421: Disabling contextual LOB creation as hibernate.jdbc.lob.non_contextual_creation is true
2019-03-30 15:00:21.456  INFO 27713 --- [main] org.hibernate.type.BasicTypeRegistry     : HHH000270: Type registration [java.util.UUID] overrides previous : org.hibernate.type.UUIDBinaryType@2d7df55
2019-03-30 15:00:22.467  INFO 27713 --- [main] o.h.t.schema.internal.SchemaCreatorImpl  : HHH000476: Executing import script 'org.hibernate.tool.schema.internal.exec.ScriptSourceInputNonExistentImpl@333cedbd'
2019-03-30 15:00:22.470  INFO 27713 --- [main] j.LocalContainerEntityManagerFactoryBean : Initialized JPA EntityManagerFactory for persistence unit 'default'
2019-03-30 15:00:24.158  WARN 27713 --- [main] aWebConfiguration$JpaWebMvcConfiguration : spring.jpa.open-in-view is enabled by default. Therefore, database queries may be performed during view rendering. Explicitly configure spring.jpa.open-in-view to disable this warning
2019-03-30 15:00:24.487  INFO 27713 --- [main] o.s.b.a.e.web.EndpointLinksResolver      : Exposing 19 endpoint(s) beneath base path '/actuator'
2019-03-30 15:00:24.576  INFO 27713 --- [main] o.s.s.web.DefaultSecurityFilterChain     : Creating filter chain: any request, [org.springframework.security.web.context.request.async.WebAsyncManagerIntegrationFilter@1fb8b89e, org.springframework.security.web.context.SecurityContextPersistenceFilter@366fd3cb, org.springframework.security.web.header.HeaderWriterFilter@867e628, org.springframework.web.filter.CorsFilter@763960eb, org.springframework.security.web.authentication.logout.LogoutFilter@7b2fb8f1, com.glic.adminserver.security.JwtAuthenticationFilter@2625eb84, org.springframework.security.web.savedrequest.RequestCacheAwareFilter@2acf3108, org.springframework.security.web.servletapi.SecurityContextHolderAwareRequestFilter@591b8f15, org.springframework.security.web.authentication.AnonymousAuthenticationFilter@7152ee36, org.springframework.security.web.session.SessionManagementFilter@18cdacd, org.springframework.security.web.access.ExceptionTranslationFilter@5f27d271, org.springframework.security.web.access.intercept.FilterSecurityInterceptor@6a225642]
2019-03-30 15:00:24.638  WARN 27713 --- [main] c.n.c.sources.URLConfigurationSource     : No URLs will be polled as dynamic configuration sources.
2019-03-30 15:00:24.639  INFO 27713 --- [main] c.n.c.sources.URLConfigurationSource     : To enable URLs as dynamic configuration sources, define System property archaius.configurationSource.additionalUrls or make config.properties available on classpath.
2019-03-30 15:00:24.985  INFO 27713 --- [main] o.s.s.concurrent.ThreadPoolTaskExecutor  : Initializing ExecutorService 'applicationTaskExecutor'
2019-03-30 15:00:26.212  WARN 27713 --- [main] o.s.c.n.core.CoreAutoConfiguration       : This module is deprecated. It will be removed in the next major release. Please use spring-cloud-netflix-hystrix instead.
2019-03-30 15:00:27.056  INFO 27713 --- [main] o.s.s.c.ThreadPoolTaskScheduler          : Initializing ExecutorService 'taskScheduler'
2019-03-30 15:00:27.272  INFO 27713 --- [main] o.s.i.endpoint.EventDrivenConsumer       : Adding {logging-channel-adapter:_org.springframework.integration.errorLogger} as a subscriber to the 'errorChannel' channel
2019-03-30 15:00:27.273  INFO 27713 --- [main] o.s.i.channel.PublishSubscribeChannel    : Channel 'auth-jw-1.errorChannel' has 1 subscriber(s).
2019-03-30 15:00:27.273  INFO 27713 --- [main] o.s.i.endpoint.EventDrivenConsumer       : started _org.springframework.integration.errorLogger
2019-03-30 15:00:27.388  INFO 27713 --- [main] o.s.b.w.embedded.tomcat.TomcatWebServer  : Tomcat started on port(s): 42063 (http) with context path ''
2019-03-30 15:00:27.393  INFO 27713 --- [main] c.g.a.ServicesAuthJwtApplicationTests    : Started ServicesAuthJwtApplicationTests in 15.951 seconds (JVM running for 17.368)
2019-03-30 15:00:27.436  INFO 27713 --- [main] o.h.h.i.QueryTranslatorFactoryInitiator  : HHH000397: Using ASTQueryTranslatorFactory
2019-03-30 15:00:27.650  INFO 27713 --- [main] c.g.a.bootstrap.SecurityStartUp          : User to be created:root@root.com
2019-03-30 15:00:27.892  INFO 27713 --- [main] c.g.a.bootstrap.SecurityStartUp          : User to be created:deleted@root.com
2019-03-30 15:00:28.043  INFO 27713 --- [main] c.g.a.bootstrap.SecurityStartUp          : User to be created:inactive@root.com
2019-03-30 15:00:28.280  INFO 27713 --- [main] c.g.a.bootstrap.SecurityStartUp          : User to be created:gtokenonline@glic-solutions.com
2019-03-30 15:00:28.434  INFO 27713 --- [main] c.g.a.bootstrap.SecurityStartUp          : User to be created:gtokenonline2@glic-solutions.com
2019-03-30 15:00:28.570  INFO 27713 --- [main] c.g.a.bootstrap.SecurityStartUp          : User to be created:gtokenadmin@glic-solutions.com
2019-03-30 15:00:29.137  INFO 27713 --- [http-nio-auto-1-exec-1] o.a.c.c.C.[Tomcat].[localhost].[/]       : Initializing Spring DispatcherServlet 'dispatcherServlet'
2019-03-30 15:00:29.137  INFO 27713 --- [http-nio-auto-1-exec-1] o.s.web.servlet.DispatcherServlet        : Initializing Servlet 'dispatcherServlet'
2019-03-30 15:00:29.177  INFO 27713 --- [http-nio-auto-1-exec-1] o.s.web.servlet.DispatcherServlet        : Completed initialization in 39 ms
2019-03-30 15:00:30.089  INFO 27713 --- [main] c.g.a.ServicesAuthJwtApplicationTests    : Response:eyJhbGciOiJIUzUxMiJ9.eyJzdWIiOiJyb290QHJvb3QuY29tIiwiaWF0IjoxNTUzOTY4ODI5LCJleHAiOjE1NTQxNDg4MjksIkVNQUlMX0NMQUlNIjoicm9vdEByb290LmNvbSIsIkdFTkVSQUxfUk9MRV9DTEFJTSI6IlJPTEVfQURNSU4ifQ.mTaUyKjyQHrIO2mU5LWDLy7MuAwfLxdVbpHD819w0_kbzXOyBEAQHY5PBrfkiEx-x5-c9RARbXuFHWICc4YjPw
2019-03-30 15:00:30.140  INFO 27713 --- [Thread-8] o.s.i.endpoint.EventDrivenConsumer       : Removing {logging-channel-adapter:_org.springframework.integration.errorLogger} as a subscriber to the 'errorChannel' channel
2019-03-30 15:00:30.148  INFO 27713 --- [Thread-8] o.s.i.channel.PublishSubscribeChannel    : Channel 'auth-jw-1.errorChannel' has 0 subscriber(s).
2019-03-30 15:00:30.148  INFO 27713 --- [Thread-8] o.s.i.endpoint.EventDrivenConsumer       : stopped _org.springframework.integration.errorLogger
2019-03-30 15:00:30.150  INFO 27713 --- [Thread-8] o.s.s.c.ThreadPoolTaskScheduler          : Shutting down ExecutorService 'taskScheduler'
2019-03-30 15:00:30.154  INFO 27713 --- [Thread-8] o.s.s.concurrent.ThreadPoolTaskExecutor  : Shutting down ExecutorService 'applicationTaskExecutor'
2019-03-30 15:00:30.158  INFO 27713 --- [Thread-8] j.LocalContainerEntityManagerFactoryBean : Closing JPA EntityManagerFactory for persistence unit 'default'
2019-03-30 15:00:30.168  INFO 27713 --- [Thread-8] o.s.b.f.support.DisposableBeanAdapter    : Invocation of destroy method failed on bean with name 'inMemoryDatabaseShutdownExecutor': org.h2.jdbc.JdbcSQLException: La base de datos ya esta cerrada (para des-habilitar el cerrado automatico durante el shutdown de la VM, agregue ";DB_CLOSE_ON_EXIT=FALSE" a la URL de conexión)
Database is already closed (to disable automatic closing at VM shutdown, add ";DB_CLOSE_ON_EXIT=FALSE" to the db URL) [90121-197]
2019-03-30 15:00:30.185  INFO 27713 --- [Thread-8] com.zaxxer.hikari.HikariDataSource       : testDatasource - Shutdown initiated...
2019-03-30 15:00:30.204  INFO 27713 --- [Thread-8] com.zaxxer.hikari.HikariDataSource       : testDatasource - Shutdown completed.
